<?xml version='1.0' encoding='UTF-8'?>
<testsuite hostname="saish-hppavilionlaptop15eh2xxx" name="full_adderTester" tests="1" errors="0" failures="0" skipped="0" time="2.191" timestamp="2024-07-26T16:13:08">
          <properties>
[...]
</properties>
          <testcase classname="full_adderTester" name="full_adder should pass" time="2.191">
                      
                    </testcase>
          <system-out><![CDATA[]]></system-out>
          <system-err><![CDATA[]]></system-err>
        </testsuite>